customwidget/build/outputs/logs/manifest-merger-debug-report.txt
-- Merging decision tree log ---
manifest
ADDED from mobile-android\customwidget\AndroidManifest.xml:1:1-7:12
INJECTED from mobile-android\customwidget\AndroidManifest.xml:1:1-7:12
INJECTED from mobile-android\customwidget\AndroidManifest.xml:1:1-7:12
INJECTED from mobile-android\customwidget\AndroidManifest.xml:1:1-7:12
INJECTED from mobile-android\customwidget\AndroidManifest.xml:1:1-7:12
INJECTED from mobile-android\customwidget\AndroidManifest.xml:1:1-7:12
INJECTED from mobile-android\customwidget\AndroidManifest.xml:1:1-7:12
	package
		ADDED from mobile-android\customwidget\AndroidManifest.xml:2:5-37
		INJECTED from mobile-android\customwidget\AndroidManifest.xml
		INJECTED from mobile-android\customwidget\AndroidManifest.xml
	android:versionName
		ADDED from mobile-android\customwidget\AndroidManifest.xml:4:5-30
		INJECTED from mobile-android\customwidget\AndroidManifest.xml
		INJECTED from mobile-android\customwidget\AndroidManifest.xml
	xmlns:android
		ADDED from mobile-android\customwidget\AndroidManifest.xml:1:11-69
	android:versionCode
		ADDED from mobile-android\customwidget\AndroidManifest.xml:3:5-28
		INJECTED from mobile-android\customwidget\AndroidManifest.xml
		INJECTED from mobile-android\customwidget\AndroidManifest.xml
uses-sdk
INJECTED from mobile-android\customwidget\AndroidManifest.xml reason: use-sdk injection requested
INJECTED from mobile-android\customwidget\AndroidManifest.xml
INJECTED from mobile-android\customwidget\AndroidManifest.xml
INJECTED from mobile-android\customwidget\AndroidManifest.xml
INJECTED from mobile-android\customwidget\AndroidManifest.xml
	android:targetSdkVersion
		INJECTED from mobile-android\customwidget\AndroidManifest.xml
		ADDED from mobile-android\customwidget\AndroidManifest.xml
		INJECTED from mobile-android\customwidget\AndroidManifest.xml
	android:minSdkVersion
		INJECTED from mobile-android\customwidget\AndroidManifest.xml
		ADDED from mobile-android\customwidget\AndroidManifest.xml
		INJECTED from mobile-android\customwidget\AndroidManifest.xml